{"/Users/albinshr/Desktop/hack/etai/frontend/src/api/ambiguous.js": {"path":"/Users/albinshr/Desktop/hack/etai/frontend/src/api/ambiguous.js","all":false,"statementMap":{"0":{"start":{"line":1,"column":0},"end":{"line":1,"column":54}},"3":{"start":{"line":4,"column":0},"end":{"line":4,"column":44}},"4":{"start":{"line":5,"column":0},"end":{"line":5,"column":51}},"6":{"start":{"line":7,"column":0},"end":{"line":7,"column":45}},"8":{"start":{"line":9,"column":0},"end":{"line":9,"column":40}},"9":{"start":{"line":10,"column":0},"end":{"line":10,"column":45}},"10":{"start":{"line":11,"column":0},"end":{"line":11,"column":15}},"11":{"start":{"line":12,"column":0},"end":{"line":12,"column":14}},"12":{"start":{"line":13,"column":0},"end":{"line":13,"column":37}},"13":{"start":{"line":14,"column":0},"end":{"line":14,"column":41}},"14":{"start":{"line":15,"column":0},"end":{"line":15,"column":6}},"15":{"start":{"line":16,"column":0},"end":{"line":16,"column":5}},"16":{"start":{"line":17,"column":0},"end":{"line":17,"column":69}},"17":{"start":{"line":18,"column":0},"end":{"line":18,"column":20}},"18":{"start":{"line":19,"column":0},"end":{"line":19,"column":1}},"20":{"start":{"line":21,"column":0},"end":{"line":21,"column":75}},"22":{"start":{"line":23,"column":0},"end":{"line":23,"column":48}},"23":{"start":{"line":24,"column":0},"end":{"line":24,"column":64}},"24":{"start":{"line":25,"column":0},"end":{"line":25,"column":10}},"25":{"start":{"line":26,"column":0},"end":{"line":26,"column":16}},"26":{"start":{"line":27,"column":0},"end":{"line":27,"column":9}},"27":{"start":{"line":28,"column":0},"end":{"line":28,"column":61}},"28":{"start":{"line":29,"column":0},"end":{"line":29,"column":72}},"29":{"start":{"line":30,"column":0},"end":{"line":30,"column":45}},"30":{"start":{"line":31,"column":0},"end":{"line":31,"column":36}},"31":{"start":{"line":32,"column":0},"end":{"line":32,"column":80}},"32":{"start":{"line":33,"column":0},"end":{"line":33,"column":18}},"33":{"start":{"line":34,"column":0},"end":{"line":34,"column":12}},"34":{"start":{"line":35,"column":0},"end":{"line":35,"column":71}},"35":{"start":{"line":36,"column":0},"end":{"line":36,"column":4}},"36":{"start":{"line":37,"column":0},"end":{"line":37,"column":1}},"38":{"start":{"line":39,"column":0},"end":{"line":39,"column":40}},"39":{"start":{"line":40,"column":0},"end":{"line":40,"column":37}},"40":{"start":{"line":41,"column":0},"end":{"line":41,"column":39}},"41":{"start":{"line":42,"column":0},"end":{"line":42,"column":21}},"42":{"start":{"line":43,"column":0},"end":{"line":43,"column":38}},"43":{"start":{"line":44,"column":0},"end":{"line":44,"column":28}},"44":{"start":{"line":45,"column":0},"end":{"line":45,"column":1}},"46":{"start":{"line":47,"column":0},"end":{"line":47,"column":23}},"47":{"start":{"line":48,"column":0},"end":{"line":48,"column":27}},"48":{"start":{"line":49,"column":0},"end":{"line":49,"column":29}},"49":{"start":{"line":50,"column":0},"end":{"line":50,"column":30}},"50":{"start":{"line":51,"column":0},"end":{"line":51,"column":33}},"51":{"start":{"line":52,"column":0},"end":{"line":52,"column":64}},"52":{"start":{"line":53,"column":0},"end":{"line":53,"column":1}},"54":{"start":{"line":55,"column":0},"end":{"line":55,"column":41}},"55":{"start":{"line":56,"column":0},"end":{"line":56,"column":37}},"56":{"start":{"line":57,"column":0},"end":{"line":57,"column":38}},"57":{"start":{"line":58,"column":0},"end":{"line":58,"column":45}},"58":{"start":{"line":59,"column":0},"end":{"line":59,"column":73}},"59":{"start":{"line":60,"column":0},"end":{"line":60,"column":36}},"60":{"start":{"line":61,"column":0},"end":{"line":61,"column":5}},"61":{"start":{"line":62,"column":0},"end":{"line":62,"column":34}},"62":{"start":{"line":63,"column":0},"end":{"line":63,"column":42}},"63":{"start":{"line":64,"column":0},"end":{"line":64,"column":58}},"64":{"start":{"line":65,"column":0},"end":{"line":65,"column":4}},"65":{"start":{"line":66,"column":0},"end":{"line":66,"column":28}},"66":{"start":{"line":67,"column":0},"end":{"line":67,"column":20}},"67":{"start":{"line":68,"column":0},"end":{"line":68,"column":13}},"68":{"start":{"line":69,"column":0},"end":{"line":69,"column":16}},"69":{"start":{"line":70,"column":0},"end":{"line":70,"column":121}},"70":{"start":{"line":71,"column":0},"end":{"line":71,"column":9}},"71":{"start":{"line":72,"column":0},"end":{"line":72,"column":22}},"72":{"start":{"line":73,"column":0},"end":{"line":73,"column":38}},"73":{"start":{"line":74,"column":0},"end":{"line":74,"column":30}},"74":{"start":{"line":75,"column":0},"end":{"line":75,"column":60}},"75":{"start":{"line":76,"column":0},"end":{"line":76,"column":9}},"76":{"start":{"line":77,"column":0},"end":{"line":77,"column":27}},"77":{"start":{"line":78,"column":0},"end":{"line":78,"column":1}},"79":{"start":{"line":80,"column":0},"end":{"line":80,"column":41}},"80":{"start":{"line":81,"column":0},"end":{"line":81,"column":56}},"81":{"start":{"line":82,"column":0},"end":{"line":82,"column":40}},"82":{"start":{"line":83,"column":0},"end":{"line":83,"column":19}},"83":{"start":{"line":84,"column":0},"end":{"line":84,"column":36}},"84":{"start":{"line":85,"column":0},"end":{"line":85,"column":5}},"85":{"start":{"line":86,"column":0},"end":{"line":86,"column":14}},"86":{"start":{"line":87,"column":0},"end":{"line":87,"column":1}},"88":{"start":{"line":89,"column":0},"end":{"line":89,"column":37}},"89":{"start":{"line":90,"column":0},"end":{"line":90,"column":39}},"90":{"start":{"line":91,"column":0},"end":{"line":91,"column":36}},"91":{"start":{"line":92,"column":0},"end":{"line":92,"column":27}},"92":{"start":{"line":93,"column":0},"end":{"line":93,"column":10}},"93":{"start":{"line":94,"column":0},"end":{"line":94,"column":55}},"94":{"start":{"line":95,"column":0},"end":{"line":95,"column":42}},"95":{"start":{"line":96,"column":0},"end":{"line":96,"column":4}},"96":{"start":{"line":97,"column":0},"end":{"line":97,"column":1}},"98":{"start":{"line":99,"column":0},"end":{"line":99,"column":34}},"99":{"start":{"line":100,"column":0},"end":{"line":100,"column":43}},"100":{"start":{"line":101,"column":0},"end":{"line":101,"column":61}},"101":{"start":{"line":102,"column":0},"end":{"line":102,"column":1}},"103":{"start":{"line":104,"column":0},"end":{"line":104,"column":46}},"104":{"start":{"line":105,"column":0},"end":{"line":105,"column":24}},"105":{"start":{"line":106,"column":0},"end":{"line":106,"column":102}},"106":{"start":{"line":107,"column":0},"end":{"line":107,"column":4}},"107":{"start":{"line":108,"column":0},"end":{"line":108,"column":43}},"108":{"start":{"line":109,"column":0},"end":{"line":109,"column":1}},"110":{"start":{"line":111,"column":0},"end":{"line":111,"column":37}},"111":{"start":{"line":112,"column":0},"end":{"line":112,"column":31}},"112":{"start":{"line":113,"column":0},"end":{"line":113,"column":58}},"113":{"start":{"line":114,"column":0},"end":{"line":114,"column":11}},"114":{"start":{"line":115,"column":0},"end":{"line":115,"column":30}},"115":{"start":{"line":116,"column":0},"end":{"line":116,"column":55}},"116":{"start":{"line":117,"column":0},"end":{"line":117,"column":32}},"117":{"start":{"line":118,"column":0},"end":{"line":118,"column":36}},"118":{"start":{"line":119,"column":0},"end":{"line":119,"column":35}},"119":{"start":{"line":120,"column":0},"end":{"line":120,"column":23}},"120":{"start":{"line":121,"column":0},"end":{"line":121,"column":68}},"121":{"start":{"line":122,"column":0},"end":{"line":122,"column":9}},"122":{"start":{"line":123,"column":0},"end":{"line":123,"column":60}},"123":{"start":{"line":124,"column":0},"end":{"line":124,"column":81}},"124":{"start":{"line":125,"column":0},"end":{"line":125,"column":43}},"125":{"start":{"line":126,"column":0},"end":{"line":126,"column":53}},"126":{"start":{"line":127,"column":0},"end":{"line":127,"column":49}},"127":{"start":{"line":128,"column":0},"end":{"line":128,"column":19}},"128":{"start":{"line":129,"column":0},"end":{"line":129,"column":26}},"129":{"start":{"line":130,"column":0},"end":{"line":130,"column":53}},"130":{"start":{"line":131,"column":0},"end":{"line":131,"column":41}},"131":{"start":{"line":132,"column":0},"end":{"line":132,"column":37}},"132":{"start":{"line":133,"column":0},"end":{"line":133,"column":60}},"133":{"start":{"line":134,"column":0},"end":{"line":134,"column":7}},"134":{"start":{"line":135,"column":0},"end":{"line":135,"column":5}},"135":{"start":{"line":136,"column":0},"end":{"line":136,"column":16}},"136":{"start":{"line":137,"column":0},"end":{"line":137,"column":29}},"137":{"start":{"line":138,"column":0},"end":{"line":138,"column":88}},"138":{"start":{"line":139,"column":0},"end":{"line":139,"column":11}},"139":{"start":{"line":140,"column":0},"end":{"line":140,"column":137}},"140":{"start":{"line":141,"column":0},"end":{"line":141,"column":1}},"142":{"start":{"line":143,"column":0},"end":{"line":143,"column":3}},"143":{"start":{"line":144,"column":0},"end":{"line":144,"column":73}},"144":{"start":{"line":145,"column":0},"end":{"line":145,"column":76}},"145":{"start":{"line":146,"column":0},"end":{"line":146,"column":73}},"146":{"start":{"line":147,"column":0},"end":{"line":147,"column":68}},"147":{"start":{"line":148,"column":0},"end":{"line":148,"column":3}},"148":{"start":{"line":149,"column":0},"end":{"line":149,"column":43}},"149":{"start":{"line":150,"column":0},"end":{"line":150,"column":37}},"150":{"start":{"line":151,"column":0},"end":{"line":151,"column":33}},"151":{"start":{"line":152,"column":0},"end":{"line":152,"column":59}},"152":{"start":{"line":153,"column":0},"end":{"line":153,"column":38}},"153":{"start":{"line":154,"column":0},"end":{"line":154,"column":78}},"154":{"start":{"line":155,"column":0},"end":{"line":155,"column":1}},"156":{"start":{"line":157,"column":0},"end":{"line":157,"column":3}},"157":{"start":{"line":158,"column":0},"end":{"line":158,"column":74}},"158":{"start":{"line":159,"column":0},"end":{"line":159,"column":69}},"159":{"start":{"line":160,"column":0},"end":{"line":160,"column":3}},"160":{"start":{"line":161,"column":0},"end":{"line":161,"column":74}},"161":{"start":{"line":162,"column":0},"end":{"line":162,"column":59}},"162":{"start":{"line":163,"column":0},"end":{"line":163,"column":7}},"163":{"start":{"line":164,"column":0},"end":{"line":164,"column":41}},"164":{"start":{"line":165,"column":0},"end":{"line":165,"column":21}},"165":{"start":{"line":166,"column":0},"end":{"line":166,"column":28}},"166":{"start":{"line":167,"column":0},"end":{"line":167,"column":20}},"167":{"start":{"line":168,"column":0},"end":{"line":168,"column":46}},"168":{"start":{"line":169,"column":0},"end":{"line":169,"column":84}},"169":{"start":{"line":170,"column":0},"end":{"line":170,"column":9}},"170":{"start":{"line":171,"column":0},"end":{"line":171,"column":7}},"171":{"start":{"line":172,"column":0},"end":{"line":172,"column":39}},"172":{"start":{"line":173,"column":0},"end":{"line":173,"column":17}},"173":{"start":{"line":174,"column":0},"end":{"line":174,"column":45}},"174":{"start":{"line":175,"column":0},"end":{"line":175,"column":3}},"175":{"start":{"line":176,"column":0},"end":{"line":176,"column":1}}},"s":{"0":1,"3":1,"4":1,"6":1,"8":15,"9":15,"10":15,"11":15,"12":15,"13":15,"14":15,"15":15,"16":15,"17":14,"18":14,"20":1,"22":1,"23":2,"24":2,"25":2,"26":2,"27":2,"28":2,"29":2,"30":2,"31":2,"32":2,"33":2,"34":2,"35":2,"36":2,"38":1,"39":2,"40":1,"41":2,"42":2,"43":2,"44":2,"46":2,"47":2,"48":2,"49":2,"50":2,"51":2,"52":2,"54":1,"55":3,"56":2,"57":2,"58":2,"59":2,"60":2,"61":3,"62":3,"63":3,"64":3,"65":3,"66":3,"67":1,"68":1,"69":1,"70":1,"71":1,"72":3,"73":3,"74":3,"75":3,"76":3,"77":3,"79":1,"80":2,"81":1,"82":1,"83":1,"84":1,"85":1,"86":1,"88":2,"89":2,"90":2,"91":2,"92":2,"93":1,"94":0,"95":2,"96":2,"98":2,"99":2,"100":2,"101":2,"103":1,"104":1,"105":1,"106":1,"107":1,"108":1,"110":2,"111":2,"112":2,"113":2,"114":2,"115":2,"116":2,"117":2,"118":2,"119":2,"120":2,"121":2,"122":2,"123":2,"124":2,"125":2,"126":2,"127":2,"128":2,"129":2,"130":2,"131":2,"132":2,"133":2,"134":2,"135":2,"136":2,"137":2,"138":2,"139":2,"140":2,"142":1,"143":1,"144":1,"145":1,"146":1,"147":1,"148":1,"149":4,"150":3,"151":4,"152":1,"153":4,"154":4,"156":1,"157":1,"158":1,"159":1,"160":1,"161":3,"162":2,"163":2,"164":2,"165":2,"166":2,"167":2,"168":2,"169":2,"170":2,"171":1,"172":1,"173":1,"174":1,"175":3},"branchMap":{"0":{"type":"branch","line":9,"loc":{"start":{"line":9,"column":0},"end":{"line":19,"column":1}},"locations":[{"start":{"line":9,"column":0},"end":{"line":19,"column":1}}]},"1":{"type":"branch","line":17,"loc":{"start":{"line":17,"column":15},"end":{"line":17,"column":69}},"locations":[{"start":{"line":17,"column":15},"end":{"line":17,"column":69}}]},"2":{"type":"branch","line":17,"loc":{"start":{"line":17,"column":68},"end":{"line":19,"column":1}},"locations":[{"start":{"line":17,"column":68},"end":{"line":19,"column":1}}]},"3":{"type":"branch","line":23,"loc":{"start":{"line":23,"column":7},"end":{"line":37,"column":1}},"locations":[{"start":{"line":23,"column":7},"end":{"line":37,"column":1}}]},"4":{"type":"branch","line":24,"loc":{"start":{"line":24,"column":33},"end":{"line":24,"column":49}},"locations":[{"start":{"line":24,"column":33},"end":{"line":24,"column":49}}]},"5":{"type":"branch","line":24,"loc":{"start":{"line":24,"column":50},"end":{"line":24,"column":63}},"locations":[{"start":{"line":24,"column":50},"end":{"line":24,"column":63}}]},"6":{"type":"branch","line":28,"loc":{"start":{"line":28,"column":48},"end":{"line":28,"column":60}},"locations":[{"start":{"line":28,"column":48},"end":{"line":28,"column":60}}]},"7":{"type":"branch","line":29,"loc":{"start":{"line":29,"column":50},"end":{"line":29,"column":68}},"locations":[{"start":{"line":29,"column":50},"end":{"line":29,"column":68}}]},"8":{"type":"branch","line":39,"loc":{"start":{"line":39,"column":7},"end":{"line":45,"column":1}},"locations":[{"start":{"line":39,"column":7},"end":{"line":45,"column":1}}]},"9":{"type":"branch","line":40,"loc":{"start":{"line":40,"column":25},"end":{"line":42,"column":15}},"locations":[{"start":{"line":40,"column":25},"end":{"line":42,"column":15}}]},"10":{"type":"branch","line":42,"loc":{"start":{"line":42,"column":15},"end":{"line":42,"column":20}},"locations":[{"start":{"line":42,"column":15},"end":{"line":42,"column":20}}]},"11":{"type":"branch","line":43,"loc":{"start":{"line":43,"column":12},"end":{"line":43,"column":37}},"locations":[{"start":{"line":43,"column":12},"end":{"line":43,"column":37}}]},"12":{"type":"branch","line":47,"loc":{"start":{"line":47,"column":0},"end":{"line":53,"column":1}},"locations":[{"start":{"line":47,"column":0},"end":{"line":53,"column":1}}]},"13":{"type":"branch","line":55,"loc":{"start":{"line":55,"column":7},"end":{"line":78,"column":1}},"locations":[{"start":{"line":55,"column":7},"end":{"line":78,"column":1}}]},"14":{"type":"branch","line":56,"loc":{"start":{"line":56,"column":25},"end":{"line":56,"column":37}},"locations":[{"start":{"line":56,"column":25},"end":{"line":56,"column":37}}]},"15":{"type":"branch","line":56,"loc":{"start":{"line":56,"column":36},"end":{"line":62,"column":27}},"locations":[{"start":{"line":56,"column":36},"end":{"line":62,"column":27}}]},"16":{"type":"branch","line":62,"loc":{"start":{"line":62,"column":28},"end":{"line":62,"column":33}},"locations":[{"start":{"line":62,"column":28},"end":{"line":62,"column":33}}]},"17":{"type":"branch","line":63,"loc":{"start":{"line":63,"column":21},"end":{"line":63,"column":27}},"locations":[{"start":{"line":63,"column":21},"end":{"line":63,"column":27}}]},"18":{"type":"branch","line":63,"loc":{"start":{"line":63,"column":28},"end":{"line":63,"column":33}},"locations":[{"start":{"line":63,"column":28},"end":{"line":63,"column":33}}]},"19":{"type":"branch","line":67,"loc":{"start":{"line":67,"column":4},"end":{"line":72,"column":22}},"locations":[{"start":{"line":67,"column":4},"end":{"line":72,"column":22}}]},"20":{"type":"branch","line":73,"loc":{"start":{"line":73,"column":4},"end":{"line":73,"column":37}},"locations":[{"start":{"line":73,"column":4},"end":{"line":73,"column":37}}]},"21":{"type":"branch","line":75,"loc":{"start":{"line":75,"column":4},"end":{"line":75,"column":60}},"locations":[{"start":{"line":75,"column":4},"end":{"line":75,"column":60}}]},"22":{"type":"branch","line":76,"loc":{"start":{"line":76,"column":4},"end":{"line":76,"column":8}},"locations":[{"start":{"line":76,"column":4},"end":{"line":76,"column":8}}]},"23":{"type":"branch","line":64,"loc":{"start":{"line":64,"column":4},"end":{"line":64,"column":58}},"locations":[{"start":{"line":64,"column":4},"end":{"line":64,"column":58}}]},"24":{"type":"branch","line":64,"loc":{"start":{"line":64,"column":31},"end":{"line":64,"column":58}},"locations":[{"start":{"line":64,"column":31},"end":{"line":64,"column":58}}]},"25":{"type":"branch","line":69,"loc":{"start":{"line":69,"column":10},"end":{"line":70,"column":121}},"locations":[{"start":{"line":69,"column":10},"end":{"line":70,"column":121}}]},"26":{"type":"branch","line":75,"loc":{"start":{"line":75,"column":31},"end":{"line":75,"column":45}},"locations":[{"start":{"line":75,"column":31},"end":{"line":75,"column":45}}]},"27":{"type":"branch","line":80,"loc":{"start":{"line":80,"column":7},"end":{"line":87,"column":1}},"locations":[{"start":{"line":80,"column":7},"end":{"line":87,"column":1}}]},"28":{"type":"branch","line":81,"loc":{"start":{"line":81,"column":25},"end":{"line":87,"column":1}},"locations":[{"start":{"line":81,"column":25},"end":{"line":87,"column":1}}]},"29":{"type":"branch","line":89,"loc":{"start":{"line":89,"column":0},"end":{"line":97,"column":1}},"locations":[{"start":{"line":89,"column":0},"end":{"line":97,"column":1}}]},"30":{"type":"branch","line":92,"loc":{"start":{"line":92,"column":15},"end":{"line":92,"column":20}},"locations":[{"start":{"line":92,"column":15},"end":{"line":92,"column":20}}]},"31":{"type":"branch","line":93,"loc":{"start":{"line":93,"column":4},"end":{"line":95,"column":42}},"locations":[{"start":{"line":93,"column":4},"end":{"line":95,"column":42}}]},"32":{"type":"branch","line":94,"loc":{"start":{"line":94,"column":53},"end":{"line":95,"column":42}},"locations":[{"start":{"line":94,"column":53},"end":{"line":95,"column":42}}]},"33":{"type":"branch","line":99,"loc":{"start":{"line":99,"column":0},"end":{"line":102,"column":1}},"locations":[{"start":{"line":99,"column":0},"end":{"line":102,"column":1}}]},"34":{"type":"branch","line":101,"loc":{"start":{"line":101,"column":15},"end":{"line":101,"column":20}},"locations":[{"start":{"line":101,"column":15},"end":{"line":101,"column":20}}]},"35":{"type":"branch","line":101,"loc":{"start":{"line":101,"column":48},"end":{"line":101,"column":60}},"locations":[{"start":{"line":101,"column":48},"end":{"line":101,"column":60}}]},"36":{"type":"branch","line":101,"loc":{"start":{"line":101,"column":27},"end":{"line":101,"column":46}},"locations":[{"start":{"line":101,"column":27},"end":{"line":101,"column":46}}]},"37":{"type":"branch","line":104,"loc":{"start":{"line":104,"column":0},"end":{"line":109,"column":1}},"locations":[{"start":{"line":104,"column":0},"end":{"line":109,"column":1}}]},"38":{"type":"branch","line":108,"loc":{"start":{"line":108,"column":37},"end":{"line":108,"column":42}},"locations":[{"start":{"line":108,"column":37},"end":{"line":108,"column":42}}]},"39":{"type":"branch","line":111,"loc":{"start":{"line":111,"column":0},"end":{"line":141,"column":1}},"locations":[{"start":{"line":111,"column":0},"end":{"line":141,"column":1}}]},"40":{"type":"branch","line":114,"loc":{"start":{"line":114,"column":4},"end":{"line":114,"column":10}},"locations":[{"start":{"line":114,"column":4},"end":{"line":114,"column":10}}]},"41":{"type":"branch","line":121,"loc":{"start":{"line":121,"column":4},"end":{"line":122,"column":8}},"locations":[{"start":{"line":121,"column":4},"end":{"line":122,"column":8}}]},"42":{"type":"branch","line":124,"loc":{"start":{"line":124,"column":13},"end":{"line":124,"column":81}},"locations":[{"start":{"line":124,"column":13},"end":{"line":124,"column":81}}]},"43":{"type":"branch","line":126,"loc":{"start":{"line":126,"column":22},"end":{"line":126,"column":36}},"locations":[{"start":{"line":126,"column":22},"end":{"line":126,"column":36}}]},"44":{"type":"branch","line":126,"loc":{"start":{"line":126,"column":37},"end":{"line":126,"column":52}},"locations":[{"start":{"line":126,"column":37},"end":{"line":126,"column":52}}]},"45":{"type":"branch","line":130,"loc":{"start":{"line":130,"column":41},"end":{"line":130,"column":52}},"locations":[{"start":{"line":130,"column":41},"end":{"line":130,"column":52}}]},"46":{"type":"branch","line":133,"loc":{"start":{"line":133,"column":26},"end":{"line":133,"column":54}},"locations":[{"start":{"line":133,"column":26},"end":{"line":133,"column":54}}]},"47":{"type":"branch","line":133,"loc":{"start":{"line":133,"column":55},"end":{"line":133,"column":59}},"locations":[{"start":{"line":133,"column":55},"end":{"line":133,"column":59}}]},"48":{"type":"branch","line":138,"loc":{"start":{"line":138,"column":6},"end":{"line":138,"column":88}},"locations":[{"start":{"line":138,"column":6},"end":{"line":138,"column":88}}]},"49":{"type":"branch","line":139,"loc":{"start":{"line":139,"column":6},"end":{"line":139,"column":10}},"locations":[{"start":{"line":139,"column":6},"end":{"line":139,"column":10}}]},"50":{"type":"branch","line":140,"loc":{"start":{"line":140,"column":60},"end":{"line":140,"column":64}},"locations":[{"start":{"line":140,"column":60},"end":{"line":140,"column":64}}]},"51":{"type":"branch","line":149,"loc":{"start":{"line":149,"column":7},"end":{"line":155,"column":1}},"locations":[{"start":{"line":149,"column":7},"end":{"line":155,"column":1}}]},"52":{"type":"branch","line":150,"loc":{"start":{"line":150,"column":25},"end":{"line":150,"column":37}},"locations":[{"start":{"line":150,"column":25},"end":{"line":150,"column":37}}]},"53":{"type":"branch","line":150,"loc":{"start":{"line":150,"column":36},"end":{"line":152,"column":31}},"locations":[{"start":{"line":150,"column":36},"end":{"line":152,"column":31}}]},"54":{"type":"branch","line":152,"loc":{"start":{"line":152,"column":31},"end":{"line":152,"column":59}},"locations":[{"start":{"line":152,"column":31},"end":{"line":152,"column":59}}]},"55":{"type":"branch","line":152,"loc":{"start":{"line":152,"column":58},"end":{"line":154,"column":36}},"locations":[{"start":{"line":152,"column":58},"end":{"line":154,"column":36}}]},"56":{"type":"branch","line":154,"loc":{"start":{"line":154,"column":37},"end":{"line":154,"column":44}},"locations":[{"start":{"line":154,"column":37},"end":{"line":154,"column":44}}]},"57":{"type":"branch","line":161,"loc":{"start":{"line":161,"column":7},"end":{"line":176,"column":1}},"locations":[{"start":{"line":161,"column":7},"end":{"line":176,"column":1}}]},"58":{"type":"branch","line":162,"loc":{"start":{"line":162,"column":25},"end":{"line":162,"column":59}},"locations":[{"start":{"line":162,"column":25},"end":{"line":162,"column":59}}]},"59":{"type":"branch","line":162,"loc":{"start":{"line":162,"column":58},"end":{"line":171,"column":7}},"locations":[{"start":{"line":162,"column":58},"end":{"line":171,"column":7}}]},"60":{"type":"branch","line":171,"loc":{"start":{"line":171,"column":6},"end":{"line":175,"column":3}},"locations":[{"start":{"line":171,"column":6},"end":{"line":175,"column":3}}]}},"b":{"0":[15],"1":[1],"2":[14],"3":[2],"4":[0],"5":[0],"6":[0],"7":[1],"8":[2],"9":[1],"10":[0],"11":[2],"12":[2],"13":[3],"14":[1],"15":[2],"16":[0],"17":[2],"18":[0],"19":[1],"20":[1],"21":[1],"22":[1],"23":[2],"24":[1],"25":[1],"26":[1],"27":[2],"28":[1],"29":[2],"30":[0],"31":[1],"32":[0],"33":[2],"34":[0],"35":[1],"36":[2],"37":[1],"38":[0],"39":[2],"40":[0],"41":[1],"42":[0],"43":[1],"44":[1],"45":[0],"46":[1],"47":[1],"48":[1],"49":[1],"50":[0],"51":[4],"52":[1],"53":[3],"54":[2],"55":[1],"56":[0],"57":[3],"58":[1],"59":[2],"60":[1]},"fnMap":{"0":{"name":"api","decl":{"start":{"line":9,"column":0},"end":{"line":19,"column":1}},"loc":{"start":{"line":9,"column":0},"end":{"line":19,"column":1}},"line":9},"1":{"name":"coworkerToPersona","decl":{"start":{"line":23,"column":7},"end":{"line":37,"column":1}},"loc":{"start":{"line":23,"column":7},"end":{"line":37,"column":1}},"line":23},"2":{"name":"fetchCoworkers","decl":{"start":{"line":39,"column":7},"end":{"line":45,"column":1}},"loc":{"start":{"line":39,"column":7},"end":{"line":45,"column":1}},"line":39},"3":{"name":"todayRange","decl":{"start":{"line":47,"column":0},"end":{"line":53,"column":1}},"loc":{"start":{"line":47,"column":0},"end":{"line":53,"column":1}},"line":47},"4":{"name":"fetchDaySummary","decl":{"start":{"line":55,"column":7},"end":{"line":78,"column":1}},"loc":{"start":{"line":55,"column":7},"end":{"line":78,"column":1}},"line":55},"5":{"name":"createTask","decl":{"start":{"line":80,"column":7},"end":{"line":87,"column":1}},"loc":{"start":{"line":80,"column":7},"end":{"line":87,"column":1}},"line":80},"6":{"name":"findUserByName","decl":{"start":{"line":89,"column":0},"end":{"line":97,"column":1}},"loc":{"start":{"line":89,"column":0},"end":{"line":97,"column":1}},"line":89},"7":{"name":"defaultCalendar","decl":{"start":{"line":99,"column":0},"end":{"line":102,"column":1}},"loc":{"start":{"line":99,"column":0},"end":{"line":102,"column":1}},"line":99},"8":{"name":"busySlots","decl":{"start":{"line":104,"column":0},"end":{"line":109,"column":1}},"loc":{"start":{"line":104,"column":0},"end":{"line":109,"column":1}},"line":104},"9":{"name":"scheduleMeeting","decl":{"start":{"line":111,"column":0},"end":{"line":141,"column":1}},"loc":{"start":{"line":111,"column":0},"end":{"line":141,"column":1}},"line":111},"10":{"name":"handleRequest","decl":{"start":{"line":149,"column":7},"end":{"line":155,"column":1}},"loc":{"start":{"line":149,"column":7},"end":{"line":155,"column":1}},"line":149},"11":{"name":"sendConversation","decl":{"start":{"line":161,"column":7},"end":{"line":176,"column":1}},"loc":{"start":{"line":161,"column":7},"end":{"line":176,"column":1}},"line":161}},"f":{"0":15,"1":2,"2":2,"3":2,"4":3,"5":2,"6":2,"7":2,"8":1,"9":2,"10":4,"11":3}}
,"/Users/albinshr/Desktop/hack/etai/frontend/src/lib/parseRequest.js": {"path":"/Users/albinshr/Desktop/hack/etai/frontend/src/lib/parseRequest.js","all":false,"statementMap":{"0":{"start":{"line":1,"column":0},"end":{"line":1,"column":15}},"1":{"start":{"line":2,"column":0},"end":{"line":2,"column":133}},"3":{"start":{"line":4,"column":0},"end":{"line":4,"column":19}},"4":{"start":{"line":5,"column":0},"end":{"line":5,"column":65}},"6":{"start":{"line":7,"column":0},"end":{"line":7,"column":36}},"7":{"start":{"line":8,"column":0},"end":{"line":8,"column":35}},"8":{"start":{"line":9,"column":0},"end":{"line":9,"column":1}},"10":{"start":{"line":11,"column":0},"end":{"line":11,"column":36}},"11":{"start":{"line":12,"column":0},"end":{"line":12,"column":55}},"12":{"start":{"line":13,"column":0},"end":{"line":13,"column":65}},"13":{"start":{"line":14,"column":0},"end":{"line":14,"column":31}},"14":{"start":{"line":15,"column":0},"end":{"line":15,"column":48}},"15":{"start":{"line":16,"column":0},"end":{"line":16,"column":7}},"16":{"start":{"line":17,"column":0},"end":{"line":17,"column":24}},"17":{"start":{"line":18,"column":0},"end":{"line":18,"column":9}},"18":{"start":{"line":19,"column":0},"end":{"line":19,"column":27}},"19":{"start":{"line":20,"column":0},"end":{"line":20,"column":11}},"20":{"start":{"line":21,"column":0},"end":{"line":21,"column":12}},"21":{"start":{"line":22,"column":0},"end":{"line":22,"column":32}},"22":{"start":{"line":23,"column":0},"end":{"line":23,"column":8}},"23":{"start":{"line":24,"column":0},"end":{"line":24,"column":23}},"24":{"start":{"line":25,"column":0},"end":{"line":25,"column":10}},"25":{"start":{"line":26,"column":0},"end":{"line":26,"column":28}},"26":{"start":{"line":27,"column":0},"end":{"line":27,"column":12}},"27":{"start":{"line":28,"column":0},"end":{"line":28,"column":13}},"28":{"start":{"line":29,"column":0},"end":{"line":29,"column":61}},"29":{"start":{"line":30,"column":0},"end":{"line":30,"column":72}},"30":{"start":{"line":31,"column":0},"end":{"line":31,"column":57}},"31":{"start":{"line":32,"column":0},"end":{"line":32,"column":1}},"33":{"start":{"line":34,"column":0},"end":{"line":34,"column":36}},"34":{"start":{"line":35,"column":0},"end":{"line":35,"column":33}},"35":{"start":{"line":36,"column":0},"end":{"line":36,"column":32}},"36":{"start":{"line":37,"column":0},"end":{"line":37,"column":110}},"37":{"start":{"line":38,"column":0},"end":{"line":38,"column":43}},"38":{"start":{"line":39,"column":0},"end":{"line":39,"column":70}},"39":{"start":{"line":40,"column":0},"end":{"line":40,"column":49}},"40":{"start":{"line":41,"column":0},"end":{"line":41,"column":93}},"41":{"start":{"line":42,"column":0},"end":{"line":42,"column":3}},"42":{"start":{"line":43,"column":0},"end":{"line":43,"column":74}},"43":{"start":{"line":44,"column":0},"end":{"line":44,"column":1}}},"s":{"0":1,"1":1,"3":1,"4":1,"6":1,"7":9,"8":9,"10":1,"11":14,"12":14,"13":14,"14":14,"15":14,"16":14,"17":11,"18":11,"19":5,"20":14,"21":14,"22":14,"23":14,"24":10,"25":10,"26":9,"27":14,"28":14,"29":14,"30":11,"31":11,"33":1,"34":2,"35":2,"36":1,"37":1,"38":1,"39":1,"40":1,"41":1,"42":1,"43":1},"branchMap":{"0":{"type":"branch","line":7,"loc":{"start":{"line":7,"column":7},"end":{"line":9,"column":1}},"locations":[{"start":{"line":7,"column":7},"end":{"line":9,"column":1}}]},"1":{"type":"branch","line":11,"loc":{"start":{"line":11,"column":7},"end":{"line":32,"column":1}},"locations":[{"start":{"line":11,"column":7},"end":{"line":32,"column":1}}]},"2":{"type":"branch","line":12,"loc":{"start":{"line":12,"column":31},"end":{"line":12,"column":55}},"locations":[{"start":{"line":12,"column":31},"end":{"line":12,"column":55}}]},"3":{"type":"branch","line":12,"loc":{"start":{"line":12,"column":54},"end":{"line":13,"column":56}},"locations":[{"start":{"line":12,"column":54},"end":{"line":13,"column":56}}]},"4":{"type":"branch","line":12,"loc":{"start":{"line":12,"column":54},"end":{"line":13,"column":51}},"locations":[{"start":{"line":12,"column":54},"end":{"line":13,"column":51}}]},"5":{"type":"branch","line":13,"loc":{"start":{"line":13,"column":51},"end":{"line":13,"column":56}},"locations":[{"start":{"line":13,"column":51},"end":{"line":13,"column":56}}]},"6":{"type":"branch","line":13,"loc":{"start":{"line":13,"column":57},"end":{"line":13,"column":64}},"locations":[{"start":{"line":13,"column":57},"end":{"line":13,"column":64}}]},"7":{"type":"branch","line":16,"loc":{"start":{"line":16,"column":4},"end":{"line":16,"column":7}},"locations":[{"start":{"line":16,"column":4},"end":{"line":16,"column":7}}]},"8":{"type":"branch","line":17,"loc":{"start":{"line":17,"column":4},"end":{"line":21,"column":11}},"locations":[{"start":{"line":17,"column":4},"end":{"line":21,"column":11}}]},"9":{"type":"branch","line":18,"loc":{"start":{"line":18,"column":6},"end":{"line":18,"column":9}},"locations":[{"start":{"line":18,"column":6},"end":{"line":18,"column":9}}]},"10":{"type":"branch","line":19,"loc":{"start":{"line":19,"column":6},"end":{"line":21,"column":11}},"locations":[{"start":{"line":19,"column":6},"end":{"line":21,"column":11}}]},"11":{"type":"branch","line":20,"loc":{"start":{"line":20,"column":8},"end":{"line":20,"column":11}},"locations":[{"start":{"line":20,"column":8},"end":{"line":20,"column":11}}]},"12":{"type":"branch","line":21,"loc":{"start":{"line":21,"column":8},"end":{"line":21,"column":11}},"locations":[{"start":{"line":21,"column":8},"end":{"line":21,"column":11}}]},"13":{"type":"branch","line":23,"loc":{"start":{"line":23,"column":4},"end":{"line":23,"column":8}},"locations":[{"start":{"line":23,"column":4},"end":{"line":23,"column":8}}]},"14":{"type":"branch","line":24,"loc":{"start":{"line":24,"column":4},"end":{"line":28,"column":12}},"locations":[{"start":{"line":24,"column":4},"end":{"line":28,"column":12}}]},"15":{"type":"branch","line":25,"loc":{"start":{"line":25,"column":6},"end":{"line":25,"column":10}},"locations":[{"start":{"line":25,"column":6},"end":{"line":25,"column":10}}]},"16":{"type":"branch","line":26,"loc":{"start":{"line":26,"column":6},"end":{"line":28,"column":12}},"locations":[{"start":{"line":26,"column":6},"end":{"line":28,"column":12}}]},"17":{"type":"branch","line":27,"loc":{"start":{"line":27,"column":8},"end":{"line":27,"column":12}},"locations":[{"start":{"line":27,"column":8},"end":{"line":27,"column":12}}]},"18":{"type":"branch","line":28,"loc":{"start":{"line":28,"column":8},"end":{"line":28,"column":12}},"locations":[{"start":{"line":28,"column":8},"end":{"line":28,"column":12}}]},"19":{"type":"branch","line":30,"loc":{"start":{"line":30,"column":10},"end":{"line":30,"column":72}},"locations":[{"start":{"line":30,"column":10},"end":{"line":30,"column":72}}]},"20":{"type":"branch","line":30,"loc":{"start":{"line":30,"column":62},"end":{"line":30,"column":66}},"locations":[{"start":{"line":30,"column":62},"end":{"line":30,"column":66}}]},"21":{"type":"branch","line":30,"loc":{"start":{"line":30,"column":67},"end":{"line":30,"column":70}},"locations":[{"start":{"line":30,"column":67},"end":{"line":30,"column":70}}]},"22":{"type":"branch","line":30,"loc":{"start":{"line":30,"column":71},"end":{"line":32,"column":1}},"locations":[{"start":{"line":30,"column":71},"end":{"line":32,"column":1}}]},"23":{"type":"branch","line":34,"loc":{"start":{"line":34,"column":7},"end":{"line":44,"column":1}},"locations":[{"start":{"line":34,"column":7},"end":{"line":44,"column":1}}]},"24":{"type":"branch","line":36,"loc":{"start":{"line":36,"column":31},"end":{"line":44,"column":1}},"locations":[{"start":{"line":36,"column":31},"end":{"line":44,"column":1}}]},"25":{"type":"branch","line":37,"loc":{"start":{"line":37,"column":36},"end":{"line":37,"column":45}},"locations":[{"start":{"line":37,"column":36},"end":{"line":37,"column":45}}]},"26":{"type":"branch","line":37,"loc":{"start":{"line":37,"column":81},"end":{"line":37,"column":109}},"locations":[{"start":{"line":37,"column":81},"end":{"line":37,"column":109}}]},"27":{"type":"branch","line":40,"loc":{"start":{"line":40,"column":45},"end":{"line":40,"column":49}},"locations":[{"start":{"line":40,"column":45},"end":{"line":40,"column":49}}]},"28":{"type":"branch","line":41,"loc":{"start":{"line":41,"column":33},"end":{"line":41,"column":39}},"locations":[{"start":{"line":41,"column":33},"end":{"line":41,"column":39}}]}},"b":{"0":[9],"1":[14],"2":[3],"3":[13],"4":[11],"5":[6],"6":[5],"7":[0],"8":[11],"9":[6],"10":[5],"11":[1],"12":[4],"13":[1],"14":[10],"15":[1],"16":[9],"17":[1],"18":[8],"19":[2],"20":[1],"21":[1],"22":[11],"23":[2],"24":[1],"25":[0],"26":[0],"27":[0],"28":[0]},"fnMap":{"0":{"name":"isDoneSignal","decl":{"start":{"line":7,"column":7},"end":{"line":9,"column":1}},"loc":{"start":{"line":7,"column":7},"end":{"line":9,"column":1}},"line":7},"1":{"name":"parseRequest","decl":{"start":{"line":11,"column":7},"end":{"line":32,"column":1}},"loc":{"start":{"line":11,"column":7},"end":{"line":32,"column":1}},"line":11},"2":{"name":"offlineReply","decl":{"start":{"line":34,"column":7},"end":{"line":44,"column":1}},"loc":{"start":{"line":34,"column":7},"end":{"line":44,"column":1}},"line":34}},"f":{"0":9,"1":14,"2":2}}
,"/Users/albinshr/Desktop/hack/etai/frontend/src/lib/schedule.js": {"path":"/Users/albinshr/Desktop/hack/etai/frontend/src/lib/schedule.js","all":false,"statementMap":{"0":{"start":{"line":1,"column":0},"end":{"line":1,"column":24}},"1":{"start":{"line":2,"column":0},"end":{"line":2,"column":23}},"3":{"start":{"line":4,"column":0},"end":{"line":4,"column":62}},"4":{"start":{"line":5,"column":0},"end":{"line":5,"column":26}},"5":{"start":{"line":6,"column":0},"end":{"line":6,"column":37}},"6":{"start":{"line":7,"column":0},"end":{"line":7,"column":28}},"7":{"start":{"line":8,"column":0},"end":{"line":8,"column":11}},"8":{"start":{"line":9,"column":0},"end":{"line":9,"column":1}},"10":{"start":{"line":11,"column":0},"end":{"line":11,"column":77}},"11":{"start":{"line":12,"column":0},"end":{"line":12,"column":38}},"12":{"start":{"line":13,"column":0},"end":{"line":13,"column":43}},"13":{"start":{"line":14,"column":0},"end":{"line":14,"column":37}},"14":{"start":{"line":15,"column":0},"end":{"line":15,"column":6}},"15":{"start":{"line":16,"column":0},"end":{"line":16,"column":28}},"16":{"start":{"line":17,"column":0},"end":{"line":17,"column":41}},"17":{"start":{"line":18,"column":0},"end":{"line":18,"column":27}},"18":{"start":{"line":19,"column":0},"end":{"line":19,"column":47}},"19":{"start":{"line":20,"column":0},"end":{"line":20,"column":31}},"20":{"start":{"line":21,"column":0},"end":{"line":21,"column":40}},"21":{"start":{"line":22,"column":0},"end":{"line":22,"column":27}},"22":{"start":{"line":23,"column":0},"end":{"line":23,"column":66}},"23":{"start":{"line":24,"column":0},"end":{"line":24,"column":68}},"24":{"start":{"line":25,"column":0},"end":{"line":25,"column":46}},"25":{"start":{"line":26,"column":0},"end":{"line":26,"column":17}},"26":{"start":{"line":27,"column":0},"end":{"line":27,"column":3}},"27":{"start":{"line":28,"column":0},"end":{"line":28,"column":14}},"28":{"start":{"line":29,"column":0},"end":{"line":29,"column":1}},"30":{"start":{"line":31,"column":0},"end":{"line":31,"column":39}},"31":{"start":{"line":32,"column":0},"end":{"line":32,"column":42}},"32":{"start":{"line":33,"column":0},"end":{"line":33,"column":20}},"33":{"start":{"line":34,"column":0},"end":{"line":34,"column":20}},"34":{"start":{"line":35,"column":0},"end":{"line":35,"column":22}},"35":{"start":{"line":36,"column":0},"end":{"line":36,"column":5}},"36":{"start":{"line":37,"column":0},"end":{"line":37,"column":1}}},"s":{"0":1,"1":1,"3":1,"4":7,"5":7,"6":7,"7":7,"8":7,"10":1,"11":6,"12":3,"13":3,"14":6,"15":6,"16":6,"17":6,"18":6,"19":6,"20":6,"21":6,"22":21,"23":21,"24":21,"25":16,"26":16,"27":1,"28":1,"30":1,"31":3,"32":3,"33":3,"34":3,"35":3,"36":3},"branchMap":{"0":{"type":"branch","line":4,"loc":{"start":{"line":4,"column":7},"end":{"line":9,"column":1}},"locations":[{"start":{"line":4,"column":7},"end":{"line":9,"column":1}}]},"1":{"type":"branch","line":11,"loc":{"start":{"line":11,"column":7},"end":{"line":29,"column":1}},"locations":[{"start":{"line":11,"column":7},"end":{"line":29,"column":1}}]},"2":{"type":"branch","line":22,"loc":{"start":{"line":22,"column":26},"end":{"line":27,"column":3}},"locations":[{"start":{"line":22,"column":26},"end":{"line":27,"column":3}}]},"3":{"type":"branch","line":25,"loc":{"start":{"line":25,"column":16},"end":{"line":25,"column":46}},"locations":[{"start":{"line":25,"column":16},"end":{"line":25,"column":46}}]},"4":{"type":"branch","line":25,"loc":{"start":{"line":25,"column":45},"end":{"line":27,"column":3}},"locations":[{"start":{"line":25,"column":45},"end":{"line":27,"column":3}}]},"5":{"type":"branch","line":27,"loc":{"start":{"line":27,"column":2},"end":{"line":29,"column":1}},"locations":[{"start":{"line":27,"column":2},"end":{"line":29,"column":1}}]},"6":{"type":"branch","line":12,"loc":{"start":{"line":12,"column":29},"end":{"line":15,"column":4}},"locations":[{"start":{"line":12,"column":29},"end":{"line":15,"column":4}}]},"7":{"type":"branch","line":13,"loc":{"start":{"line":13,"column":28},"end":{"line":13,"column":41}},"locations":[{"start":{"line":13,"column":28},"end":{"line":13,"column":41}}]},"8":{"type":"branch","line":14,"loc":{"start":{"line":14,"column":24},"end":{"line":14,"column":35}},"locations":[{"start":{"line":14,"column":24},"end":{"line":14,"column":35}}]},"9":{"type":"branch","line":24,"loc":{"start":{"line":24,"column":28},"end":{"line":24,"column":66}},"locations":[{"start":{"line":24,"column":28},"end":{"line":24,"column":66}}]},"10":{"type":"branch","line":24,"loc":{"start":{"line":24,"column":50},"end":{"line":24,"column":66}},"locations":[{"start":{"line":24,"column":50},"end":{"line":24,"column":66}}]},"11":{"type":"branch","line":31,"loc":{"start":{"line":31,"column":7},"end":{"line":37,"column":1}},"locations":[{"start":{"line":31,"column":7},"end":{"line":37,"column":1}}]}},"b":{"0":[7],"1":[6],"2":[21],"3":[5],"4":[16],"5":[1],"6":[3],"7":[1],"8":[1],"9":[18],"10":[16],"11":[3]},"fnMap":{"0":{"name":"slotStart","decl":{"start":{"line":4,"column":7},"end":{"line":9,"column":1}},"loc":{"start":{"line":4,"column":7},"end":{"line":9,"column":1}},"line":4},"1":{"name":"firstFreeSlot","decl":{"start":{"line":11,"column":7},"end":{"line":29,"column":1}},"loc":{"start":{"line":11,"column":7},"end":{"line":29,"column":1}},"line":11},"2":{"name":"formatSlot","decl":{"start":{"line":31,"column":7},"end":{"line":37,"column":1}},"loc":{"start":{"line":31,"column":7},"end":{"line":37,"column":1}},"line":31}},"f":{"0":7,"1":6,"2":3}}
}
